<?xml version="1.0" encoding="UTF-8"?>
<testsuite name="Scenario: Verify a new user can register with a valid email address" time="19.074" tests="30" errors="0" skipped="0" failures="0">
  <properties>
    <property name="java.runtime.name" value="Java(TM) SE Runtime Environment"/>
    <property name="sun.boot.library.path" value="/Library/Java/JavaVirtualMachines/jdk1.8.0_172.jdk/Contents/Home/jre/lib"/>
    <property name="java.vm.version" value="25.172-b11"/>
    <property name="gopherProxySet" value="false"/>
    <property name="java.vm.vendor" value="Oracle Corporation"/>
    <property name="maven.multiModuleProjectDirectory" value="/Users/ilirahmeti/Documents/Exercise files/bootcamp_training1"/>
    <property name="java.vendor.url" value="http://java.oracle.com/"/>
    <property name="path.separator" value=":"/>
    <property name="guice.disable.misplaced.annotation.check" value="true"/>
    <property name="java.vm.name" value="Java HotSpot(TM) 64-Bit Server VM"/>
    <property name="file.encoding.pkg" value="sun.io"/>
    <property name="user.country" value="US"/>
    <property name="sun.java.launcher" value="SUN_STANDARD"/>
    <property name="sun.os.patch.level" value="unknown"/>
    <property name="java.vm.specification.name" value="Java Virtual Machine Specification"/>
    <property name="user.dir" value="/Users/ilirahmeti/Documents/Exercise files/bootcamp_training1"/>
    <property name="java.runtime.version" value="1.8.0_172-b11"/>
    <property name="java.awt.graphicsenv" value="sun.awt.CGraphicsEnvironment"/>
    <property name="java.endorsed.dirs" value="/Library/Java/JavaVirtualMachines/jdk1.8.0_172.jdk/Contents/Home/jre/lib/endorsed"/>
    <property name="os.arch" value="x86_64"/>
    <property name="java.io.tmpdir" value="/var/folders/hk/8k5sgpn524bfh_l58ddh2_nc0000gn/T/"/>
    <property name="line.separator" value="&#10;"/>
    <property name="java.vm.specification.vendor" value="Oracle Corporation"/>
    <property name="os.name" value="Mac OS X"/>
    <property name="classworlds.conf" value="/usr/local/Cellar/maven/3.5.3/libexec/bin/m2.conf"/>
    <property name="sun.jnu.encoding" value="UTF-8"/>
    <property name="java.library.path" value="/Users/ilirahmeti/Library/Java/Extensions:/Library/Java/Extensions:/Network/Library/Java/Extensions:/System/Library/Java/Extensions:/usr/lib/java:."/>
    <property name="maven.conf" value="/usr/local/Cellar/maven/3.5.3/libexec/conf"/>
    <property name="java.specification.name" value="Java Platform API Specification"/>
    <property name="java.class.version" value="52.0"/>
    <property name="sun.management.compiler" value="HotSpot 64-Bit Tiered Compilers"/>
    <property name="os.version" value="10.13.2"/>
    <property name="library.jansi.path" value="/usr/local/Cellar/maven/3.5.3/libexec/lib/jansi-native"/>
    <property name="http.nonProxyHosts" value="local|*.local|169.254/16|*.169.254/16"/>
    <property name="user.home" value="/Users/ilirahmeti"/>
    <property name="user.timezone" value="America/New_York"/>
    <property name="java.awt.printerjob" value="sun.lwawt.macosx.CPrinterJob"/>
    <property name="java.specification.version" value="1.8"/>
    <property name="file.encoding" value="UTF-8"/>
    <property name="user.name" value="ilirahmeti"/>
    <property name="java.class.path" value="/usr/local/Cellar/maven/3.5.3/libexec/boot/plexus-classworlds-2.5.2.jar"/>
    <property name="java.vm.specification.version" value="1.8"/>
    <property name="sun.arch.data.model" value="64"/>
    <property name="java.home" value="/Library/Java/JavaVirtualMachines/jdk1.8.0_172.jdk/Contents/Home/jre"/>
    <property name="sun.java.command" value="org.codehaus.plexus.classworlds.launcher.Launcher clean test"/>
    <property name="java.specification.vendor" value="Oracle Corporation"/>
    <property name="user.language" value="en"/>
    <property name="awt.toolkit" value="sun.lwawt.macosx.LWCToolkit"/>
    <property name="java.vm.info" value="mixed mode"/>
    <property name="java.version" value="1.8.0_172"/>
    <property name="java.ext.dirs" value="/Users/ilirahmeti/Library/Java/Extensions:/Library/Java/JavaVirtualMachines/jdk1.8.0_172.jdk/Contents/Home/jre/lib/ext:/Library/Java/Extensions:/Network/Library/Java/Extensions:/System/Library/Java/Extensions:/usr/lib/java"/>
    <property name="sun.boot.class.path" value="/Library/Java/JavaVirtualMachines/jdk1.8.0_172.jdk/Contents/Home/jre/lib/resources.jar:/Library/Java/JavaVirtualMachines/jdk1.8.0_172.jdk/Contents/Home/jre/lib/rt.jar:/Library/Java/JavaVirtualMachines/jdk1.8.0_172.jdk/Contents/Home/jre/lib/sunrsasign.jar:/Library/Java/JavaVirtualMachines/jdk1.8.0_172.jdk/Contents/Home/jre/lib/jsse.jar:/Library/Java/JavaVirtualMachines/jdk1.8.0_172.jdk/Contents/Home/jre/lib/jce.jar:/Library/Java/JavaVirtualMachines/jdk1.8.0_172.jdk/Contents/Home/jre/lib/charsets.jar:/Library/Java/JavaVirtualMachines/jdk1.8.0_172.jdk/Contents/Home/jre/lib/jfr.jar:/Library/Java/JavaVirtualMachines/jdk1.8.0_172.jdk/Contents/Home/jre/classes"/>
    <property name="java.vendor" value="Oracle Corporation"/>
    <property name="maven.home" value="/usr/local/Cellar/maven/3.5.3/libexec"/>
    <property name="file.separator" value="/"/>
    <property name="java.vendor.url.bug" value="http://bugreport.sun.com/bugreport/"/>
    <property name="sun.cpu.endian" value="little"/>
    <property name="sun.io.unicode.encoding" value="UnicodeBig"/>
    <property name="socksNonProxyHosts" value="local|*.local|169.254/16|*.169.254/16"/>
    <property name="ftp.nonProxyHosts" value="local|*.local|169.254/16|*.169.254/16"/>
    <property name="sun.cpu.isalist" value=""/>
  </properties>
  <testcase name="Given I am on home page" classname="Scenario: Verify auto complete search result" time="0.226"/>
  <testcase name="When I search on top search bar with text &quot;ios&quot;" classname="Scenario: Verify auto complete search result" time="0"/>
  <testcase name="Then I verify &quot;Title: I will teach you IOS&quot; as displayed result" classname="Scenario: Verify auto complete search result" time="0"/>
  <testcase name="Scenario: Verify auto complete search result" classname="Scenario: Verify auto complete search result" time="3.148"/>
  <testcase name="Given I am on the Registration page" classname="| test.com |" time="0.002"/>
  <testcase name="When I enter name as &quot;test user&quot; email as test.com password as &quot;test12345&quot;" classname="| test.com |" time="0"/>
  <testcase name="And I click on &apos;submit&apos; button" classname="| test.com |" time="0"/>
  <testcase name="Then I verify invalid email address" classname="| test.com |" time="0.001"/>
  <testcase name="| test.com |" classname="| test.com |" time="3.095"/>
  <testcase name="Given I am on the Registration page" classname="| test@test@test.com |" time="0.002"/>
  <testcase name="When I enter name as &quot;test user&quot; email as test@test@test.com password as &quot;test12345&quot;" classname="| test@test@test.com |" time="0"/>
  <testcase name="And I click on &apos;submit&apos; button" classname="| test@test@test.com |" time="0.001"/>
  <testcase name="Then I verify invalid email address" classname="| test@test@test.com |" time="0"/>
  <testcase name="| test@test@test.com |" classname="| test@test@test.com |" time="3.143"/>
  <testcase name="Given User is on the Threely login page" classname="Scenario: Verify valid login" time="0.002"/>
  <testcase name="When I enter username as “n12345@test.com” and password as “123456”" classname="Scenario: Verify valid login" time="0"/>
  <testcase name="And I click on submit button" classname="Scenario: Verify valid login" time="0"/>
  <testcase name="Then I verify logout button is displayed" classname="Scenario: Verify valid login" time="0.001"/>
  <testcase name="Scenario: Verify valid login" classname="Scenario: Verify valid login" time="3.148"/>
  <testcase name="Given I am on home page of Threely" classname="Scenario: Verify total number of posts on home page" time="0.001"/>
  <testcase name="Then I verify 57 total post is displayed" classname="Scenario: Verify total number of posts on home page" time="0"/>
  <testcase name="And I verify all post has price tag" classname="Scenario: Verify total number of posts on home page" time="0"/>
  <testcase name="And I verify all post has title" classname="Scenario: Verify total number of posts on home page" time="0.001"/>
  <testcase name="And I verify all post has displayed image" classname="Scenario: Verify total number of posts on home page" time="0"/>
  <testcase name="Scenario: Verify total number of posts on home page" classname="Scenario: Verify total number of posts on home page" time="3.153"/>
  <testcase name="Given I am on Registration page" classname="Scenario: Verify a new user can register with a valid email address" time="0.001"/>
  <testcase name="When I enter the name as &quot;testuser&quot; email as &quot;test@test.com&quot; password as &quot;test12345&quot;" classname="Scenario: Verify a new user can register with a valid email address" time="0"/>
  <testcase name="And I click &apos;submit&apos; button" classname="Scenario: Verify a new user can register with a valid email address" time="0"/>
  <testcase name="Then I am signed-in as a new user" classname="Scenario: Verify a new user can register with a valid email address" time="0"/>
  <testcase name="Scenario: Verify a new user can register with a valid email address" classname="Scenario: Verify a new user can register with a valid email address" time="3.149"/>
</testsuite>